<?xml version="1.0" encoding="UTF-8"?>
<!-- Generated by org.testng.reporters.JUnitXMLReporter -->
<testsuite hostname="Erics-iMac.local" name="Default test" tests="3" failures="0" timestamp="20 Jun 2013 19:24:35 GMT" time="17.128" errors="0">
  <testcase name="invalidPasswordLogin" time="8.116" classname="test.selenium.scripts.browser.login.LoginAsUser"/>
  <testcase name="invalidUsernameLogin" time="5.885" classname="test.selenium.scripts.browser.login.LoginAsUser"/>
  <testcase name="validLogin" time="3.093" classname="test.selenium.scripts.browser.login.LoginAsUser"/>
</testsuite> <!-- Default test -->
