<?xml version="1.0" encoding="UTF-8"?>
<!-- Generated by org.testng.reporters.JUnitXMLReporter -->
<testsuite hostname="Erics-iMac.local" name="Default test" tests="3" failures="0" timestamp="20 Jun 2013 22:11:40 GMT" time="11.317" errors="0">
  <testcase name="invalidPasswordLogin" time="0.222" classname="test.selenium.scripts.browser.login.LoginAsUser"/>
  <testcase name="invalidUsernameLogin" time="0.211" classname="test.selenium.scripts.browser.login.LoginAsUser"/>
  <testcase name="validLogin" time="0.207" classname="test.selenium.scripts.browser.login.LoginAsUser"/>
</testsuite> <!-- Default test -->
