<?xml version="1.0" encoding="UTF-8"?>
<!-- Generated by org.testng.reporters.JUnitXMLReporter -->
<testsuite hostname="Erics-iMac.local" name="selenium" tests="6" failures="0" timestamp="15 Jun 2013 13:09:36 GMT" time="1.28" errors="0">
  <testcase name="invalidPasswordLogin" time="0.105" classname="test.selenium.scripts.htmlunit.login.LoginUser"/>
  <testcase name="invalidUsernameLogin" time="0.084" classname="test.selenium.scripts.htmlunit.login.LoginUser"/>
  <testcase name="validLogin" time="0.085" classname="test.selenium.scripts.htmlunit.login.LoginUser"/>
  <testcase name="userJoinsInvalidEmail" time="0.061" classname="test.selenium.scripts.htmlunit.join.JoinAsUser"/>
  <testcase name="userJoinsMissingFields" time="0.133" classname="test.selenium.scripts.htmlunit.join.JoinAsUser"/>
  <testcase name="userJoinsPasswordsDoNotMatch" time="0.019" classname="test.selenium.scripts.htmlunit.join.JoinAsUser"/>
</testsuite> <!-- selenium -->
