<?xml version="1.0" encoding="UTF-8"?>
<!-- Generated by org.testng.reporters.JUnitXMLReporter -->
<testsuite hostname="Erics-iMac.local" name="selenium" tests="10" failures="0" timestamp="20 Jun 2013 22:27:59 GMT" time="3.396" errors="0">
  <testcase name="invalidPasswordLogin" time="1.301" classname="test.selenium.scripts.browser.login.LoginAsUser"/>
  <testcase name="invalidUsernameLogin" time="0.122" classname="test.selenium.scripts.browser.login.LoginAsUser"/>
  <testcase name="validLogin" time="0.182" classname="test.selenium.scripts.browser.login.LoginAsUser"/>
  <testcase name="userJoinsInvalidEmail" time="0.114" classname="test.selenium.scripts.browser.join.JoinAsUser"/>
  <testcase name="userJoinsNoConfirm" time="0.037" classname="test.selenium.scripts.browser.join.JoinAsUser"/>
  <testcase name="userJoinsNoEmail" time="0.028" classname="test.selenium.scripts.browser.join.JoinAsUser"/>
  <testcase name="userJoinsNoFirstName" time="0.04" classname="test.selenium.scripts.browser.join.JoinAsUser"/>
  <testcase name="userJoinsNoLastName" time="0.046" classname="test.selenium.scripts.browser.join.JoinAsUser"/>
  <testcase name="userJoinsNoPassword" time="0.028" classname="test.selenium.scripts.browser.join.JoinAsUser"/>
  <testcase name="userJoinsPasswordsDoNotMatch" time="0.041" classname="test.selenium.scripts.browser.join.JoinAsUser"/>
</testsuite> <!-- selenium -->
