<?xml version="1.0" encoding="UTF-8"?>
<!-- Generated by org.testng.reporters.JUnitXMLReporter -->
<testsuite hostname="Erics-iMac.local" name="unit" tests="6" failures="0" timestamp="15 Jun 2013 13:09:35 GMT" time="1.079" errors="0">
  <testcase name="testFirstname" time="0.0080" classname="test.unit.modeltests.user.UserUnit"/>
  <testcase name="testId" time="0.0" classname="test.unit.modeltests.user.UserUnit"/>
  <testcase name="testLastname" time="0.0010" classname="test.unit.modeltests.user.UserUnit"/>
  <testcase name="testPassword" time="0.0" classname="test.unit.modeltests.user.UserUnit"/>
  <testcase name="testUsername" time="0.0" classname="test.unit.modeltests.user.UserUnit"/>
  <testcase name="testLogin" time="1.056" classname="test.unit.dbmanager.DatabaseManagerUnit"/>
</testsuite> <!-- unit -->
