<?xml version="1.0" encoding="UTF-8"?>
<!-- Generated by org.testng.reporters.JUnitXMLReporter -->
<testsuite hostname="Erics-iMac.local" name="unit" tests="5" failures="0" timestamp="20 Jun 2013 22:27:55 GMT" time="0.026" errors="0">
  <testcase name="testFirstname" time="0.0090" classname="test.unit.modeltests.user.UserUnit"/>
  <testcase name="testId" time="0.0010" classname="test.unit.modeltests.user.UserUnit"/>
  <testcase name="testLastname" time="0.0010" classname="test.unit.modeltests.user.UserUnit"/>
  <testcase name="testPassword" time="0.0010" classname="test.unit.modeltests.user.UserUnit"/>
  <testcase name="testUsername" time="0.0010" classname="test.unit.modeltests.user.UserUnit"/>
</testsuite> <!-- unit -->
